<?xml version="1.0" encoding="UTF-8"?>
<testsuite xmlns:xsi="http://www.w3.org/2001/XMLSchema-instance" xsi:noNamespaceSchemaLocation="https://maven.apache.org/surefire/maven-surefire-plugin/xsd/surefire-test-report-3.0.xsd" version="3.0" name="TestCase" time="0.171" tests="9" errors="0" skipped="0" failures="0">
  <properties>
    <property name="java.specification.version" value="17"/>
    <property name="sun.cpu.isalist" value="amd64"/>
    <property name="sun.jnu.encoding" value="MS949"/>
    <property name="java.class.path" value="C:\Users\S3I_Lab\sample\wasserver\target\test-classes;C:\Users\S3I_Lab\sample\wasserver\target\classes;C:\Users\S3I_Lab\.m2\repository\com\fasterxml\jackson\core\jackson-databind\2.15.0\jackson-databind-2.15.0.jar;C:\Users\S3I_Lab\.m2\repository\com\fasterxml\jackson\core\jackson-annotations\2.15.0\jackson-annotations-2.15.0.jar;C:\Users\S3I_Lab\.m2\repository\com\fasterxml\jackson\core\jackson-core\2.15.0\jackson-core-2.15.0.jar;C:\Users\S3I_Lab\.m2\repository\ch\qos\logback\logback-classic\1.2.11\logback-classic-1.2.11.jar;C:\Users\S3I_Lab\.m2\repository\ch\qos\logback\logback-core\1.2.11\logback-core-1.2.11.jar;C:\Users\S3I_Lab\.m2\repository\org\slf4j\slf4j-api\1.7.36\slf4j-api-1.7.36.jar;C:\Users\S3I_Lab\.m2\repository\junit\junit\4.13.2\junit-4.13.2.jar;C:\Users\S3I_Lab\.m2\repository\org\hamcrest\hamcrest-core\1.3\hamcrest-core-1.3.jar;C:\Users\S3I_Lab\.m2\repository\com\google\code\gson\gson\2.10.1\gson-2.10.1.jar;"/>
    <property name="java.vm.vendor" value="Oracle Corporation"/>
    <property name="sun.arch.data.model" value="64"/>
    <property name="user.variant" value=""/>
    <property name="java.vendor.url" value="https://java.oracle.com/"/>
    <property name="user.timezone" value="Asia/Seoul"/>
    <property name="os.name" value="Windows 10"/>
    <property name="java.vm.specification.version" value="17"/>
    <property name="sun.java.launcher" value="SUN_STANDARD"/>
    <property name="user.country" value="KR"/>
    <property name="sun.boot.library.path" value="C:\Program Files\Java\jdk17LTS\bin"/>
    <property name="sun.java.command" value="C:\Users\S3I_Lab\AppData\Local\Temp\surefire8308850638063446748\surefirebooter-20250403111052072_3.jar C:\Users\S3I_Lab\AppData\Local\Temp\surefire8308850638063446748 2025-04-03T11-10-51_892-jvmRun1 surefire-20250403111052072_1tmp surefire_0-20250403111052072_2tmp"/>
    <property name="jdk.debug" value="release"/>
    <property name="surefire.test.class.path" value="C:\Users\S3I_Lab\sample\wasserver\target\test-classes;C:\Users\S3I_Lab\sample\wasserver\target\classes;C:\Users\S3I_Lab\.m2\repository\com\fasterxml\jackson\core\jackson-databind\2.15.0\jackson-databind-2.15.0.jar;C:\Users\S3I_Lab\.m2\repository\com\fasterxml\jackson\core\jackson-annotations\2.15.0\jackson-annotations-2.15.0.jar;C:\Users\S3I_Lab\.m2\repository\com\fasterxml\jackson\core\jackson-core\2.15.0\jackson-core-2.15.0.jar;C:\Users\S3I_Lab\.m2\repository\ch\qos\logback\logback-classic\1.2.11\logback-classic-1.2.11.jar;C:\Users\S3I_Lab\.m2\repository\ch\qos\logback\logback-core\1.2.11\logback-core-1.2.11.jar;C:\Users\S3I_Lab\.m2\repository\org\slf4j\slf4j-api\1.7.36\slf4j-api-1.7.36.jar;C:\Users\S3I_Lab\.m2\repository\junit\junit\4.13.2\junit-4.13.2.jar;C:\Users\S3I_Lab\.m2\repository\org\hamcrest\hamcrest-core\1.3\hamcrest-core-1.3.jar;C:\Users\S3I_Lab\.m2\repository\com\google\code\gson\gson\2.10.1\gson-2.10.1.jar;"/>
    <property name="sun.cpu.endian" value="little"/>
    <property name="user.home" value="C:\Users\S3I_Lab"/>
    <property name="user.language" value="ko"/>
    <property name="java.specification.vendor" value="Oracle Corporation"/>
    <property name="java.version.date" value="2021-09-14"/>
    <property name="java.home" value="C:\Program Files\Java\jdk17LTS"/>
    <property name="file.separator" value="\"/>
    <property name="basedir" value="C:\Users\S3I_Lab\sample\wasserver"/>
    <property name="java.vm.compressedOopsMode" value="Zero based"/>
    <property name="line.separator" value="&#10;"/>
    <property name="java.vm.specification.vendor" value="Oracle Corporation"/>
    <property name="java.specification.name" value="Java Platform API Specification"/>
    <property name="surefire.real.class.path" value="C:\Users\S3I_Lab\AppData\Local\Temp\surefire8308850638063446748\surefirebooter-20250403111052072_3.jar"/>
    <property name="user.script" value=""/>
    <property name="sun.management.compiler" value="HotSpot 64-Bit Tiered Compilers"/>
    <property name="java.runtime.version" value="17+35-2724"/>
    <property name="user.name" value="S3I_Lab"/>
    <property name="path.separator" value=";"/>
    <property name="os.version" value="10.0"/>
    <property name="java.runtime.name" value="OpenJDK Runtime Environment"/>
    <property name="file.encoding" value="MS949"/>
    <property name="java.vm.name" value="OpenJDK 64-Bit Server VM"/>
    <property name="localRepository" value="C:\Users\S3I_Lab\.m2\repository"/>
    <property name="java.vendor.url.bug" value="https://bugreport.java.com/bugreport/"/>
    <property name="java.io.tmpdir" value="C:\Users\S3I_Lab\AppData\Local\Temp\"/>
    <property name="java.version" value="17"/>
    <property name="user.dir" value="C:\Users\S3I_Lab\sample\wasserver"/>
    <property name="os.arch" value="amd64"/>
    <property name="java.vm.specification.name" value="Java Virtual Machine Specification"/>
    <property name="sun.os.patch.level" value=""/>
    <property name="native.encoding" value="MS949"/>
    <property name="java.library.path" value="C:\Program Files\Java\jdk17LTS\bin;C:\WINDOWS\Sun\Java\bin;C:\WINDOWS\system32;C:\WINDOWS;C:\Program Files (x86)\VMware\VMware Workstation\bin\;C:\WINDOWS\system32;C:\WINDOWS;C:\WINDOWS\System32\Wbem;C:\WINDOWS\System32\WindowsPowerShell\v1.0\;C:\WINDOWS\System32\OpenSSH\;C:\Program Files\Bandizip\;C:\Program Files\nodejs\;C:\Users\S3I_Lab\AppData\Local\Microsoft\WindowsApps;C:\Program Files\Java\jdk17LTS\bin;C:\Users\S3I_Lab\AppData\Roaming\npm;C:\Users\S3I_Lab\AppData\Local\Programs\Microsoft VS Code\bin;C:\Users\S3I_Lab\Desktop\NetProtect\인스톨러\apache-maven-3.9.9-bin\apache-maven-3.9.9\bin;;."/>
    <property name="java.vm.info" value="mixed mode, sharing"/>
    <property name="java.vendor" value="Oracle Corporation"/>
    <property name="java.vm.version" value="17+35-2724"/>
    <property name="sun.io.unicode.encoding" value="UnicodeLittle"/>
    <property name="java.class.version" value="61.0"/>
  </properties>
  <testcase name="testServletServiceHello" classname="TestCase" time="0.122">
    <system-out><![CDATA[11:10:52,356 |-INFO in ch.qos.logback.classic.LoggerContext[default] - Could NOT find resource [logback-test.xml]
11:10:52,356 |-INFO in ch.qos.logback.classic.LoggerContext[default] - Found resource [logback.xml] at [file:/C:/Users/S3I_Lab/sample/wasserver/target/test-classes/logback.xml]
11:10:52,356 |-WARN in ch.qos.logback.classic.LoggerContext[default] - Resource [logback.xml] occurs multiple times on the classpath.
11:10:52,356 |-WARN in ch.qos.logback.classic.LoggerContext[default] - Resource [logback.xml] occurs at [file:/C:/Users/S3I_Lab/sample/wasserver/target/test-classes/logback.xml]
11:10:52,356 |-WARN in ch.qos.logback.classic.LoggerContext[default] - Resource [logback.xml] occurs at [file:/C:/Users/S3I_Lab/sample/wasserver/target/classes/logback.xml]
11:10:52,390 |-INFO in ch.qos.logback.classic.joran.action.ConfigurationAction - debug attribute not set
11:10:52,390 |-INFO in ch.qos.logback.core.joran.action.AppenderAction - About to instantiate appender of type [ch.qos.logback.core.ConsoleAppender]
11:10:52,394 |-INFO in ch.qos.logback.core.joran.action.AppenderAction - Naming appender as [CONSOLE]
11:10:52,397 |-INFO in ch.qos.logback.core.joran.action.NestedComplexPropertyIA - Assuming default type [ch.qos.logback.classic.encoder.PatternLayoutEncoder] for [encoder] property
11:10:52,412 |-INFO in ch.qos.logback.core.joran.action.AppenderAction - About to instantiate appender of type [ch.qos.logback.core.rolling.RollingFileAppender]
11:10:52,414 |-INFO in ch.qos.logback.core.joran.action.AppenderAction - Naming appender as [FILE]
11:10:52,418 |-INFO in c.q.l.core.rolling.TimeBasedRollingPolicy@1836463382 - No compression will be used
11:10:52,418 |-INFO in c.q.l.core.rolling.TimeBasedRollingPolicy@1836463382 - Will use the pattern logs/was%d{yyyy-MM-dd}.log for the active file
11:10:52,420 |-INFO in c.q.l.core.rolling.DefaultTimeBasedFileNamingAndTriggeringPolicy - The date pattern is 'yyyy-MM-dd' from file name pattern 'logs/was%d{yyyy-MM-dd}.log'.
11:10:52,420 |-INFO in c.q.l.core.rolling.DefaultTimeBasedFileNamingAndTriggeringPolicy - Roll-over at midnight.
11:10:52,425 |-INFO in c.q.l.core.rolling.DefaultTimeBasedFileNamingAndTriggeringPolicy - Setting initial period to Thu Apr 03 11:09:58 KST 2025
11:10:52,426 |-INFO in ch.qos.logback.core.joran.action.NestedComplexPropertyIA - Assuming default type [ch.qos.logback.classic.encoder.PatternLayoutEncoder] for [encoder] property
11:10:52,427 |-INFO in ch.qos.logback.core.rolling.RollingFileAppender[FILE] - Active log file name: logs/was.log
11:10:52,427 |-INFO in ch.qos.logback.core.rolling.RollingFileAppender[FILE] - File property is set to [logs/was.log]
11:10:52,428 |-INFO in ch.qos.logback.classic.joran.action.RootLoggerAction - Setting level of ROOT logger to DEBUG
11:10:52,428 |-INFO in ch.qos.logback.core.joran.action.AppenderRefAction - Attaching appender named [CONSOLE] to Logger[ROOT]
11:10:52,428 |-INFO in ch.qos.logback.core.joran.action.AppenderRefAction - Attaching appender named [FILE] to Logger[ROOT]
11:10:52,428 |-INFO in ch.qos.logback.classic.joran.action.ConfigurationAction - End of configuration.
11:10:52,428 |-INFO in ch.qos.logback.classic.joran.JoranConfigurator@52bf72b5 - Registering current configuration as safe fallback point

]]></system-out>
  </testcase>
  <testcase name="testLogging" classname="TestCase" time="0.002">
    <system-out><![CDATA[[2025-04-03 11:10:52] [ERROR] [main] TestCase - Exception
]]></system-out>
  </testcase>
  <testcase name="testServletHello" classname="TestCase" time="0.0"/>
  <testcase name="testServletStartWithValidServlet" classname="TestCase" time="0.008">
    <system-out><![CDATA[stringWriter.toString() : Current Time: 2025-04-03 11:10:52
]]></system-out>
  </testcase>
  <testcase name="testErrorPages" classname="TestCase" time="0.0"/>
  <testcase name="testConfigLoader" classname="TestCase" time="0.0"/>
  <testcase name="testHostCheckWithDotDot" classname="TestCase" time="0.0"/>
  <testcase name="testHostBasedHttpRoot" classname="TestCase" time="0.0"/>
  <testcase name="testServletDefaultHello" classname="TestCase" time="0.001">
    <system-out><![CDATA[[2025-04-03 11:10:52] [ERROR] [main] Hello - default domain  No parameters provided
]]></system-out>
  </testcase>
</testsuite>